<?xml version="1.0" encoding="UTF-8"?>
<!-- Generated by org.testng.reporters.JUnitReportReporter -->
<testsuite name="example.GoogleHomePageTest" tests="1" time="0.001" ignored="0" failures="0" timestamp="09 Feb 2017 23:03:52 GMT" skipped="1" hostname="DESKTOP-FUV5OTN" errors="0">
  <testcase name="verifyGooglePageTittle" time="0.001" classname="example.GoogleHomePageTest">
    <skipped/>
  </testcase> <!-- verifyGooglePageTittle -->
</testsuite> <!-- example.GoogleHomePageTest -->
