<?xml version="1.0" encoding="UTF-8"?>
<!-- Generated by org.testng.reporters.JUnitReportReporter -->
<testsuite name="example.NewTest" tests="1" time="5.366" ignored="0" failures="0" timestamp="10 Feb 2017 03:43:57 GMT" skipped="0" hostname="DESKTOP-FUV5OTN" errors="0">
  <testcase name="testEasy" time="5.366" classname="example.NewTest"/>
</testsuite> <!-- example.NewTest -->
