<?xml version="1.0" encoding="UTF-8"?>
<!-- Generated by org.testng.reporters.JUnitReportReporter -->
<testsuite name="example.NewTest" tests="1" time="4.889" ignored="0" failures="0" timestamp="09 Feb 2017 23:26:54 GMT" skipped="0" hostname="DESKTOP-FUV5OTN" errors="0">
  <testcase name="testEasy" time="4.889" classname="example.NewTest"/>
</testsuite> <!-- example.NewTest -->
